<?xml version="1.0" encoding="UTF-8"?>
<!-- Generated by org.testng.reporters.JUnitXMLReporter -->
<testsuite ignored="0" hostname="Lakhan" failures="1" tests="1" name="VerifyUserTest1" time="13.335" errors="0" timestamp="2022-01-06T15:34:05 IST">
  <testcase classname="testModule1_Login.VerifyUserTest" name="verifyUserID" time="0.035">
    <failure type="java.lang.AssertionError" message="Failed : Both are different expected [abc] but found [LJ2542]">
      <![CDATA[java.lang.AssertionError: Failed : Both are different expected [abc] but found [LJ2542]
at testModule1_Login.VerifyUserTest.verifyUserID(VerifyUserTest.java:62)
at java.base/java.util.ArrayList.forEach(ArrayList.java:1511)
at java.base/java.util.concurrent.FutureTask.run(FutureTask.java:264)
at java.base/java.util.concurrent.ThreadPoolExecutor.runWorker(ThreadPoolExecutor.java:1130)
at java.base/java.util.concurrent.ThreadPoolExecutor$Worker.run(ThreadPoolExecutor.java:630)
at java.base/java.lang.Thread.run(Thread.java:831)
... Removed 23 stack frames]]>
    </failure>
  </testcase> <!-- verifyUserID -->
</testsuite> <!-- VerifyUserTest1 -->
